[2021-08-27 13:19:48.976] [exthost] [info] extension host started
[2021-08-27 13:19:49.776] [exthost] [info] ExtensionService#_doActivateExtension vscode.debug-auto-launch {"startup":true,"extensionId":{"value":"vscode.debug-auto-launch","_lower":"vscode.debug-auto-launch"},"activationEvent":"*"}
[2021-08-27 13:19:49.778] [exthost] [info] ExtensionService#loadCommonJSModule file:///home/aldair/.vscode-server/bin/3866c3553be8b268c8a7f8c0482c0c0177aa8bfa/extensions/debug-auto-launch/dist/extension
[2021-08-27 13:19:49.799] [exthost] [info] ExtensionService#_doActivateExtension vscode.git {"startup":true,"extensionId":{"value":"vscode.github","_lower":"vscode.github"},"activationEvent":"*"}
[2021-08-27 13:19:49.802] [exthost] [info] ExtensionService#loadCommonJSModule file:///home/aldair/.vscode-server/bin/3866c3553be8b268c8a7f8c0482c0c0177aa8bfa/extensions/git/dist/main
[2021-08-27 13:19:50.358] [exthost] [info] ExtensionService#_doActivateExtension vscode.github {"startup":true,"extensionId":{"value":"vscode.github","_lower":"vscode.github"},"activationEvent":"*"}
[2021-08-27 13:19:50.359] [exthost] [info] ExtensionService#loadCommonJSModule file:///home/aldair/.vscode-server/bin/3866c3553be8b268c8a7f8c0482c0c0177aa8bfa/extensions/github/dist/extension.js
[2021-08-27 13:19:50.482] [exthost] [info] ExtensionService#_doActivateExtension ms-vscode.js-debug {"startup":false,"extensionId":{"value":"ms-vscode.js-debug","_lower":"ms-vscode.js-debug"},"activationEvent":"onCommand:extension.js-debug.clearAutoAttachVariables"}
[2021-08-27 13:19:50.482] [exthost] [info] ExtensionService#loadCommonJSModule file:///home/aldair/.vscode-server/bin/3866c3553be8b268c8a7f8c0482c0c0177aa8bfa/extensions/ms-vscode.js-debug/src/extension.js
[2021-08-27 13:19:51.550] [exthost] [info] ExtensionService#_doActivateExtension vscode.emmet {"startup":false,"extensionId":{"value":"vscode.emmet","_lower":"vscode.emmet"},"activationEvent":"onStartupFinished"}
[2021-08-27 13:19:51.550] [exthost] [info] ExtensionService#loadCommonJSModule file:///home/aldair/.vscode-server/bin/3866c3553be8b268c8a7f8c0482c0c0177aa8bfa/extensions/emmet/dist/node/emmetNodeMain
[2021-08-27 13:19:51.633] [exthost] [info] ExtensionService#_doActivateExtension vscode.merge-conflict {"startup":false,"extensionId":{"value":"vscode.merge-conflict","_lower":"vscode.merge-conflict"},"activationEvent":"onStartupFinished"}
[2021-08-27 13:19:51.634] [exthost] [info] ExtensionService#loadCommonJSModule file:///home/aldair/.vscode-server/bin/3866c3553be8b268c8a7f8c0482c0c0177aa8bfa/extensions/merge-conflict/dist/mergeConflictMain
[2021-08-27 13:19:51.658] [exthost] [info] eager extensions activated
[2021-08-27 13:20:02.962] [exthost] [info] ExtensionService#_doActivateExtension vscode.configuration-editing {"startup":false,"extensionId":{"value":"vscode.configuration-editing","_lower":"vscode.configuration-editing"},"activationEvent":"onLanguage:json"}
[2021-08-27 13:20:02.963] [exthost] [info] ExtensionService#loadCommonJSModule file:///home/aldair/.vscode-server/bin/3866c3553be8b268c8a7f8c0482c0c0177aa8bfa/extensions/configuration-editing/dist/configurationEditingMain
[2021-08-27 13:20:03.077] [exthost] [info] ExtensionService#_doActivateExtension vscode.extension-editing {"startup":false,"extensionId":{"value":"vscode.extension-editing","_lower":"vscode.extension-editing"},"activationEvent":"onLanguage:json"}
[2021-08-27 13:20:03.077] [exthost] [info] ExtensionService#loadCommonJSModule file:///home/aldair/.vscode-server/bin/3866c3553be8b268c8a7f8c0482c0c0177aa8bfa/extensions/extension-editing/dist/extensionEditingMain
[2021-08-27 13:20:03.224] [exthost] [info] ExtensionService#_doActivateExtension vscode.json-language-features {"startup":false,"extensionId":{"value":"vscode.json-language-features","_lower":"vscode.json-language-features"},"activationEvent":"onLanguage:json"}
[2021-08-27 13:20:03.224] [exthost] [info] ExtensionService#loadCommonJSModule file:///home/aldair/.vscode-server/bin/3866c3553be8b268c8a7f8c0482c0c0177aa8bfa/extensions/json-language-features/client/dist/node/jsonClientMain
[2021-08-27 13:20:03.464] [exthost] [info] ExtensionService#_doActivateExtension vscode.npm {"startup":false,"extensionId":{"value":"vscode.npm","_lower":"vscode.npm"},"activationEvent":"onLanguage:json"}
[2021-08-27 13:20:03.464] [exthost] [info] ExtensionService#loadCommonJSModule file:///home/aldair/.vscode-server/bin/3866c3553be8b268c8a7f8c0482c0c0177aa8bfa/extensions/npm/dist/npmMain
[2021-08-27 13:20:45.273] [exthost] [info] ExtensionService#_doActivateExtension vscode.typescript-language-features {"startup":false,"extensionId":{"value":"vscode.typescript-language-features","_lower":"vscode.typescript-language-features"},"activationEvent":"onLanguage:jsonc"}
[2021-08-27 13:20:45.274] [exthost] [info] ExtensionService#loadCommonJSModule file:///home/aldair/.vscode-server/bin/3866c3553be8b268c8a7f8c0482c0c0177aa8bfa/extensions/typescript-language-features/dist/extension
[2021-08-27 13:20:55.368] [exthost] [info] extension host terminating: received terminate message from renderer
[2021-08-27 13:20:56.548] [exthost] [info] exiting with code 0
