[2021-08-22 11:24:40.945] [exthost] [info] extension host started
[2021-08-22 11:24:41.197] [exthost] [info] Lock '/home/aldair/.vscode-server/data/User/workspaceStorage/82ad6080c54d680e9a967a0caa39ad46/vscode.lock': Lock acquired.
[2021-08-22 11:24:41.395] [exthost] [info] ExtensionService#_doActivateExtension vscode.debug-auto-launch {"startup":true,"extensionId":{"value":"vscode.debug-auto-launch","_lower":"vscode.debug-auto-launch"},"activationEvent":"*"}
[2021-08-22 11:24:41.396] [exthost] [info] ExtensionService#loadCommonJSModule file:///home/aldair/.vscode-server/bin/3866c3553be8b268c8a7f8c0482c0c0177aa8bfa/extensions/debug-auto-launch/dist/extension
[2021-08-22 11:24:41.414] [exthost] [info] ExtensionService#_doActivateExtension vscode.git {"startup":true,"extensionId":{"value":"vscode.github","_lower":"vscode.github"},"activationEvent":"*"}
[2021-08-22 11:24:41.415] [exthost] [info] ExtensionService#loadCommonJSModule file:///home/aldair/.vscode-server/bin/3866c3553be8b268c8a7f8c0482c0c0177aa8bfa/extensions/git/dist/main
[2021-08-22 11:24:43.968] [exthost] [info] ExtensionService#_doActivateExtension vscode.github {"startup":true,"extensionId":{"value":"vscode.github","_lower":"vscode.github"},"activationEvent":"*"}
[2021-08-22 11:24:43.969] [exthost] [info] ExtensionService#loadCommonJSModule file:///home/aldair/.vscode-server/bin/3866c3553be8b268c8a7f8c0482c0c0177aa8bfa/extensions/github/dist/extension.js
[2021-08-22 11:24:44.186] [exthost] [info] ExtensionService#_doActivateExtension vscode.emmet {"startup":false,"extensionId":{"value":"vscode.emmet","_lower":"vscode.emmet"},"activationEvent":"onStartupFinished"}
[2021-08-22 11:24:44.186] [exthost] [info] ExtensionService#loadCommonJSModule file:///home/aldair/.vscode-server/bin/3866c3553be8b268c8a7f8c0482c0c0177aa8bfa/extensions/emmet/dist/node/emmetNodeMain
[2021-08-22 11:24:44.222] [exthost] [info] ExtensionService#_doActivateExtension vscode.merge-conflict {"startup":false,"extensionId":{"value":"vscode.merge-conflict","_lower":"vscode.merge-conflict"},"activationEvent":"onStartupFinished"}
[2021-08-22 11:24:44.222] [exthost] [info] ExtensionService#loadCommonJSModule file:///home/aldair/.vscode-server/bin/3866c3553be8b268c8a7f8c0482c0c0177aa8bfa/extensions/merge-conflict/dist/mergeConflictMain
[2021-08-22 11:24:44.235] [exthost] [info] eager extensions activated
[2021-08-22 11:24:44.337] [exthost] [info] ExtensionService#_doActivateExtension ms-vscode.js-debug {"startup":false,"extensionId":{"value":"ms-vscode.js-debug","_lower":"ms-vscode.js-debug"},"activationEvent":"onCommand:extension.js-debug.clearAutoAttachVariables"}
[2021-08-22 11:24:44.337] [exthost] [info] ExtensionService#loadCommonJSModule file:///home/aldair/.vscode-server/bin/3866c3553be8b268c8a7f8c0482c0c0177aa8bfa/extensions/ms-vscode.js-debug/src/extension.js
[2021-08-22 11:29:04.453] [exthost] [info] ExtensionService#_doActivateExtension vscode.configuration-editing {"startup":false,"extensionId":{"value":"vscode.configuration-editing","_lower":"vscode.configuration-editing"},"activationEvent":"onLanguage:jsonc"}
[2021-08-22 11:29:04.454] [exthost] [info] ExtensionService#loadCommonJSModule file:///home/aldair/.vscode-server/bin/3866c3553be8b268c8a7f8c0482c0c0177aa8bfa/extensions/configuration-editing/dist/configurationEditingMain
[2021-08-22 11:29:04.637] [exthost] [info] ExtensionService#_doActivateExtension vscode.json-language-features {"startup":false,"extensionId":{"value":"vscode.json-language-features","_lower":"vscode.json-language-features"},"activationEvent":"onLanguage:jsonc"}
[2021-08-22 11:29:04.637] [exthost] [info] ExtensionService#loadCommonJSModule file:///home/aldair/.vscode-server/bin/3866c3553be8b268c8a7f8c0482c0c0177aa8bfa/extensions/json-language-features/client/dist/node/jsonClientMain
[2021-08-22 11:29:04.953] [exthost] [info] ExtensionService#_doActivateExtension vscode.typescript-language-features {"startup":false,"extensionId":{"value":"vscode.typescript-language-features","_lower":"vscode.typescript-language-features"},"activationEvent":"onLanguage:jsonc"}
[2021-08-22 11:29:04.953] [exthost] [info] ExtensionService#loadCommonJSModule file:///home/aldair/.vscode-server/bin/3866c3553be8b268c8a7f8c0482c0c0177aa8bfa/extensions/typescript-language-features/dist/extension
[2021-08-22 11:49:28.136] [exthost] [info] extension host terminating: received terminate message from renderer
[2021-08-22 11:49:31.624] [exthost] [info] Lock '/home/aldair/.vscode-server/data/User/workspaceStorage/82ad6080c54d680e9a967a0caa39ad46/vscode.lock': Marking the lockfile as scheduled to be released in 6000 ms.
[2021-08-22 11:49:45.348] [exthost] [info] exiting with code 0
