[2021-09-07 12:42:56.548] [exthost] [info] extension host started
[2021-09-07 12:42:56.897] [exthost] [info] ExtensionService#_doActivateExtension vscode.debug-auto-launch {"startup":true,"extensionId":{"value":"vscode.debug-auto-launch","_lower":"vscode.debug-auto-launch"},"activationEvent":"*"}
[2021-09-07 12:42:56.904] [exthost] [info] ExtensionService#loadCommonJSModule file:///home/aldair/.vscode-server/bin/e7d7e9a9348e6a8cc8c03f877d39cb72e5dfb1ff/extensions/debug-auto-launch/dist/extension
[2021-09-07 12:42:56.949] [exthost] [info] ExtensionService#_doActivateExtension vscode.git {"startup":true,"extensionId":{"value":"vscode.github","_lower":"vscode.github"},"activationEvent":"*"}
[2021-09-07 12:42:56.950] [exthost] [info] ExtensionService#loadCommonJSModule file:///home/aldair/.vscode-server/bin/e7d7e9a9348e6a8cc8c03f877d39cb72e5dfb1ff/extensions/git/dist/main
[2021-09-07 12:42:57.359] [exthost] [info] Lock '/home/aldair/.vscode-server/data/User/workspaceStorage/dbbcc9dead8796ea56e15351ea7d5eed/vscode.lock': Lock acquired.
[2021-09-07 12:42:58.490] [exthost] [info] ExtensionService#_doActivateExtension vscode.github {"startup":true,"extensionId":{"value":"vscode.github","_lower":"vscode.github"},"activationEvent":"*"}
[2021-09-07 12:42:58.490] [exthost] [info] ExtensionService#loadCommonJSModule file:///home/aldair/.vscode-server/bin/e7d7e9a9348e6a8cc8c03f877d39cb72e5dfb1ff/extensions/github/dist/extension.js
[2021-09-07 12:42:58.703] [exthost] [info] ExtensionService#_doActivateExtension vscode.emmet {"startup":false,"extensionId":{"value":"vscode.emmet","_lower":"vscode.emmet"},"activationEvent":"onStartupFinished"}
[2021-09-07 12:42:58.704] [exthost] [info] ExtensionService#loadCommonJSModule file:///home/aldair/.vscode-server/bin/e7d7e9a9348e6a8cc8c03f877d39cb72e5dfb1ff/extensions/emmet/dist/node/emmetNodeMain
[2021-09-07 12:42:58.786] [exthost] [info] ExtensionService#_doActivateExtension vscode.merge-conflict {"startup":false,"extensionId":{"value":"vscode.merge-conflict","_lower":"vscode.merge-conflict"},"activationEvent":"onStartupFinished"}
[2021-09-07 12:42:58.786] [exthost] [info] ExtensionService#loadCommonJSModule file:///home/aldair/.vscode-server/bin/e7d7e9a9348e6a8cc8c03f877d39cb72e5dfb1ff/extensions/merge-conflict/dist/mergeConflictMain
[2021-09-07 12:42:58.821] [exthost] [info] ExtensionService#_doActivateExtension formulahendry.code-runner {"startup":false,"extensionId":{"value":"formulahendry.code-runner","_lower":"formulahendry.code-runner"},"activationEvent":"onStartupFinished"}
[2021-09-07 12:42:58.821] [exthost] [info] ExtensionService#loadCommonJSModule file:///home/aldair/.vscode-server/extensions/formulahendry.code-runner-0.11.5/out/src/extension
[2021-09-07 12:42:58.975] [exthost] [info] eager extensions activated
[2021-09-07 12:42:58.977] [exthost] [info] ExtensionService#_doActivateExtension ms-vscode.js-debug {"startup":false,"extensionId":{"value":"ms-vscode.js-debug","_lower":"ms-vscode.js-debug"},"activationEvent":"onCommand:extension.js-debug.clearAutoAttachVariables"}
[2021-09-07 12:42:58.977] [exthost] [info] ExtensionService#loadCommonJSModule file:///home/aldair/.vscode-server/bin/e7d7e9a9348e6a8cc8c03f877d39cb72e5dfb1ff/extensions/ms-vscode.js-debug/src/extension.js
[2021-09-07 12:43:39.125] [exthost] [info] ExtensionService#_doActivateExtension vscode.typescript-language-features {"startup":false,"extensionId":{"value":"vscode.typescript-language-features","_lower":"vscode.typescript-language-features"},"activationEvent":"onLanguage:javascript"}
[2021-09-07 12:43:39.125] [exthost] [info] ExtensionService#loadCommonJSModule file:///home/aldair/.vscode-server/bin/e7d7e9a9348e6a8cc8c03f877d39cb72e5dfb1ff/extensions/typescript-language-features/dist/extension
[2021-09-07 12:44:53.450] [exthost] [info] ExtensionService#_doActivateExtension ms-azuretools.vscode-docker {"startup":false,"extensionId":{"value":"ms-azuretools.vscode-docker","_lower":"ms-azuretools.vscode-docker"},"activationEvent":"onView:dockerContainers"}
[2021-09-07 12:44:53.450] [exthost] [info] ExtensionService#loadCommonJSModule file:///home/aldair/.vscode-server/extensions/ms-azuretools.vscode-docker-1.16.1/main
[2021-09-07 12:45:06.829] [exthost] [info] ExtensionService#_doActivateExtension vscode.configuration-editing {"startup":false,"extensionId":{"value":"vscode.configuration-editing","_lower":"vscode.configuration-editing"},"activationEvent":"onLanguage:jsonc"}
[2021-09-07 12:45:06.829] [exthost] [info] ExtensionService#loadCommonJSModule file:///home/aldair/.vscode-server/bin/e7d7e9a9348e6a8cc8c03f877d39cb72e5dfb1ff/extensions/configuration-editing/dist/configurationEditingMain
[2021-09-07 12:45:07.008] [exthost] [info] ExtensionService#_doActivateExtension vscode.json-language-features {"startup":false,"extensionId":{"value":"vscode.json-language-features","_lower":"vscode.json-language-features"},"activationEvent":"onLanguage:jsonc"}
[2021-09-07 12:45:07.009] [exthost] [info] ExtensionService#loadCommonJSModule file:///home/aldair/.vscode-server/bin/e7d7e9a9348e6a8cc8c03f877d39cb72e5dfb1ff/extensions/json-language-features/client/dist/node/jsonClientMain
[2021-09-07 13:58:47.635] [exthost] [info] extension host terminating: received terminate message from renderer
[2021-09-07 13:58:53.405] [exthost] [info] Lock '/home/aldair/.vscode-server/data/User/workspaceStorage/dbbcc9dead8796ea56e15351ea7d5eed/vscode.lock': Marking the lockfile as scheduled to be released in 6000 ms.
