[2021-08-28 10:53:29.384] [exthost] [info] extension host started
[2021-08-28 10:53:29.425] [exthost] [info] ExtensionService#_doActivateExtension vscode.debug-auto-launch {"startup":true,"extensionId":{"value":"vscode.debug-auto-launch","_lower":"vscode.debug-auto-launch"},"activationEvent":"*"}
[2021-08-28 10:53:29.426] [exthost] [info] ExtensionService#loadCommonJSModule file:///home/aldair/.vscode-server/bin/3866c3553be8b268c8a7f8c0482c0c0177aa8bfa/extensions/debug-auto-launch/dist/extension
[2021-08-28 10:53:29.433] [exthost] [info] ExtensionService#_doActivateExtension vscode.git {"startup":true,"extensionId":{"value":"vscode.github","_lower":"vscode.github"},"activationEvent":"*"}
[2021-08-28 10:53:29.433] [exthost] [info] ExtensionService#loadCommonJSModule file:///home/aldair/.vscode-server/bin/3866c3553be8b268c8a7f8c0482c0c0177aa8bfa/extensions/git/dist/main
[2021-08-28 10:53:29.699] [exthost] [info] Lock '/home/aldair/.vscode-server/data/User/workspaceStorage/9b9556e5b166edd304fee3b892f0ea14/vscode.lock': Lock acquired.
[2021-08-28 10:53:30.326] [exthost] [info] ExtensionService#_doActivateExtension vscode.github {"startup":true,"extensionId":{"value":"vscode.github","_lower":"vscode.github"},"activationEvent":"*"}
[2021-08-28 10:53:30.326] [exthost] [info] ExtensionService#loadCommonJSModule file:///home/aldair/.vscode-server/bin/3866c3553be8b268c8a7f8c0482c0c0177aa8bfa/extensions/github/dist/extension.js
[2021-08-28 10:53:30.684] [exthost] [info] ExtensionService#_doActivateExtension ms-vscode.js-debug {"startup":false,"extensionId":{"value":"ms-vscode.js-debug","_lower":"ms-vscode.js-debug"},"activationEvent":"onCommand:extension.js-debug.clearAutoAttachVariables"}
[2021-08-28 10:53:30.684] [exthost] [info] ExtensionService#loadCommonJSModule file:///home/aldair/.vscode-server/bin/3866c3553be8b268c8a7f8c0482c0c0177aa8bfa/extensions/ms-vscode.js-debug/src/extension.js
[2021-08-28 10:53:31.397] [exthost] [info] ExtensionService#_doActivateExtension vscode.emmet {"startup":false,"extensionId":{"value":"vscode.emmet","_lower":"vscode.emmet"},"activationEvent":"onStartupFinished"}
[2021-08-28 10:53:31.397] [exthost] [info] ExtensionService#loadCommonJSModule file:///home/aldair/.vscode-server/bin/3866c3553be8b268c8a7f8c0482c0c0177aa8bfa/extensions/emmet/dist/node/emmetNodeMain
[2021-08-28 10:53:31.447] [exthost] [info] ExtensionService#_doActivateExtension vscode.merge-conflict {"startup":false,"extensionId":{"value":"vscode.merge-conflict","_lower":"vscode.merge-conflict"},"activationEvent":"onStartupFinished"}
[2021-08-28 10:53:31.447] [exthost] [info] ExtensionService#loadCommonJSModule file:///home/aldair/.vscode-server/bin/3866c3553be8b268c8a7f8c0482c0c0177aa8bfa/extensions/merge-conflict/dist/mergeConflictMain
[2021-08-28 10:53:31.459] [exthost] [info] eager extensions activated
[2021-08-28 10:54:26.771] [exthost] [info] ExtensionService#_doActivateExtension vscode.typescript-language-features {"startup":false,"extensionId":{"value":"vscode.typescript-language-features","_lower":"vscode.typescript-language-features"},"activationEvent":"onLanguage:javascript"}
[2021-08-28 10:54:26.772] [exthost] [info] ExtensionService#loadCommonJSModule file:///home/aldair/.vscode-server/bin/3866c3553be8b268c8a7f8c0482c0c0177aa8bfa/extensions/typescript-language-features/dist/extension
[2021-08-28 10:57:37.889] [exthost] [info] ExtensionService#_doActivateExtension vscode.configuration-editing {"startup":false,"extensionId":{"value":"vscode.configuration-editing","_lower":"vscode.configuration-editing"},"activationEvent":"onLanguage:json"}
[2021-08-28 10:57:37.889] [exthost] [info] ExtensionService#loadCommonJSModule file:///home/aldair/.vscode-server/bin/3866c3553be8b268c8a7f8c0482c0c0177aa8bfa/extensions/configuration-editing/dist/configurationEditingMain
[2021-08-28 10:57:38.015] [exthost] [info] ExtensionService#_doActivateExtension vscode.extension-editing {"startup":false,"extensionId":{"value":"vscode.extension-editing","_lower":"vscode.extension-editing"},"activationEvent":"onLanguage:json"}
[2021-08-28 10:57:38.015] [exthost] [info] ExtensionService#loadCommonJSModule file:///home/aldair/.vscode-server/bin/3866c3553be8b268c8a7f8c0482c0c0177aa8bfa/extensions/extension-editing/dist/extensionEditingMain
[2021-08-28 10:57:38.306] [exthost] [info] ExtensionService#_doActivateExtension vscode.json-language-features {"startup":false,"extensionId":{"value":"vscode.json-language-features","_lower":"vscode.json-language-features"},"activationEvent":"onLanguage:json"}
[2021-08-28 10:57:38.307] [exthost] [info] ExtensionService#loadCommonJSModule file:///home/aldair/.vscode-server/bin/3866c3553be8b268c8a7f8c0482c0c0177aa8bfa/extensions/json-language-features/client/dist/node/jsonClientMain
[2021-08-28 10:57:38.924] [exthost] [info] ExtensionService#_doActivateExtension vscode.npm {"startup":false,"extensionId":{"value":"vscode.npm","_lower":"vscode.npm"},"activationEvent":"onLanguage:json"}
[2021-08-28 10:57:38.926] [exthost] [info] ExtensionService#loadCommonJSModule file:///home/aldair/.vscode-server/bin/3866c3553be8b268c8a7f8c0482c0c0177aa8bfa/extensions/npm/dist/npmMain
[2021-08-28 10:57:42.321] [exthost] [info] ExtensionService#_doActivateExtension formulahendry.code-runner {"startup":false,"extensionId":{"value":"formulahendry.code-runner","_lower":"formulahendry.code-runner"},"activationEvent":"onStartupFinished"}
[2021-08-28 10:57:42.321] [exthost] [info] ExtensionService#loadCommonJSModule file:///home/aldair/.vscode-server/extensions/formulahendry.code-runner-0.11.5/out/src/extension
[2021-08-28 12:30:06.825] [exthost] [info] extension host terminating: received terminate message from renderer
[2021-08-28 12:30:09.464] [exthost] [info] Lock '/home/aldair/.vscode-server/data/User/workspaceStorage/9b9556e5b166edd304fee3b892f0ea14/vscode.lock': Marking the lockfile as scheduled to be released in 6000 ms.
